<?xml version="1.0" encoding="UTF-8"?>
<coverage generated="1762552721161" clover="3.2.0">
  <project timestamp="1762552721162" name="All files">
    <metrics statements="29" coveredstatements="28" conditionals="10" coveredconditionals="7" methods="4" coveredmethods="4" elements="43" coveredelements="39" complexity="0" loc="29" ncloc="29" packages="1" files="1" classes="1"/>
    <file name="audioUtils.ts" path="C:\Universo\repos\titi-list\utils\audioUtils.ts">
      <metrics statements="29" coveredstatements="28" conditionals="10" coveredconditionals="7" methods="4" coveredmethods="4"/>
      <line num="1" count="1" type="stmt"/>
      <line num="2" count="1" type="stmt"/>
      <line num="3" count="1" type="stmt"/>
      <line num="16" count="3" type="cond" truecount="2" falsecount="0"/>
      <line num="17" count="1" type="stmt"/>
      <line num="20" count="2" type="cond" truecount="2" falsecount="0"/>
      <line num="21" count="1" type="stmt"/>
      <line num="24" count="1" type="stmt"/>
      <line num="25" count="1" type="stmt"/>
      <line num="26" count="1" type="stmt"/>
      <line num="28" count="1" type="stmt"/>
      <line num="29" count="3" type="stmt"/>
      <line num="30" count="3" type="stmt"/>
      <line num="31" count="3" type="stmt"/>
      <line num="32" count="3" type="stmt"/>
      <line num="34" count="3" type="stmt"/>
      <line num="38" count="1" type="stmt"/>
      <line num="42" count="2" type="stmt"/>
      <line num="43" count="2" type="stmt"/>
      <line num="45" count="2" type="stmt"/>
      <line num="46" count="2" type="stmt"/>
      <line num="47" count="2" type="stmt"/>
      <line num="48" count="2" type="stmt"/>
      <line num="51" count="2" type="stmt"/>
      <line num="55" count="1" type="cond" truecount="1" falsecount="1"/>
      <line num="56" count="1" type="stmt"/>
      <line num="59" count="0" type="stmt"/>
      <line num="61" count="1" type="cond" truecount="1" falsecount="1"/>
      <line num="65" count="1" type="cond" truecount="1" falsecount="1"/>
    </file>
  </project>
</coverage>
