{"C:\\Universo\\repos\\titi-list\\utils\\audioUtils.ts": {"path":"C:\\Universo\\repos\\titi-list\\utils\\audioUtils.ts","statementMap":{"0":{"start":{"line":1,"column":34},"end":{"line":1,"column":null}},"1":{"start":{"line":2,"column":41},"end":{"line":2,"column":null}},"2":{"start":{"line":3,"column":34},"end":{"line":5,"column":null}},"3":{"start":{"line":16,"column":2},"end":{"line":18,"column":null}},"4":{"start":{"line":17,"column":4},"end":{"line":17,"column":null}},"5":{"start":{"line":20,"column":2},"end":{"line":22,"column":null}},"6":{"start":{"line":21,"column":4},"end":{"line":21,"column":null}},"7":{"start":{"line":24,"column":26},"end":{"line":24,"column":null}},"8":{"start":{"line":25,"column":20},"end":{"line":25,"column":null}},"9":{"start":{"line":26,"column":17},"end":{"line":26,"column":null}},"10":{"start":{"line":28,"column":2},"end":{"line":36,"column":null}},"11":{"start":{"line":28,"column":15},"end":{"line":28,"column":18}},"12":{"start":{"line":29,"column":21},"end":{"line":29,"column":null}},"13":{"start":{"line":30,"column":22},"end":{"line":30,"column":null}},"14":{"start":{"line":31,"column":23},"end":{"line":31,"column":null}},"15":{"start":{"line":32,"column":26},"end":{"line":32,"column":null}},"16":{"start":{"line":34,"column":4},"end":{"line":35,"column":null}},"17":{"start":{"line":38,"column":2},"end":{"line":38,"column":null}},"18":{"start":{"line":42,"column":22},"end":{"line":42,"column":null}},"19":{"start":{"line":42,"column":52},"end":{"line":42,"column":72}},"20":{"start":{"line":43,"column":17},"end":{"line":43,"column":null}},"21":{"start":{"line":45,"column":15},"end":{"line":45,"column":null}},"22":{"start":{"line":46,"column":2},"end":{"line":49,"column":null}},"23":{"start":{"line":47,"column":4},"end":{"line":47,"column":null}},"24":{"start":{"line":48,"column":4},"end":{"line":48,"column":null}},"25":{"start":{"line":51,"column":2},"end":{"line":51,"column":null}},"26":{"start":{"line":55,"column":2},"end":{"line":57,"column":null}},"27":{"start":{"line":56,"column":4},"end":{"line":56,"column":null}},"28":{"start":{"line":59,"column":32},"end":{"line":59,"column":null}},"29":{"start":{"line":61,"column":4},"end":{"line":63,"column":null}},"30":{"start":{"line":65,"column":2},"end":{"line":65,"column":null}}},"fnMap":{"0":{"name":"resampleTo16k","decl":{"start":{"line":12,"column":16},"end":{"line":12,"column":null}},"loc":{"start":{"line":15,"column":16},"end":{"line":39,"column":null}},"line":15},"1":{"name":"mergeChunks","decl":{"start":{"line":41,"column":16},"end":{"line":41,"column":28}},"loc":{"start":{"line":41,"column":66},"end":{"line":52,"column":null}},"line":41},"2":{"name":"(anonymous_2)","decl":{"start":{"line":42,"column":36},"end":{"line":42,"column":37}},"loc":{"start":{"line":42,"column":52},"end":{"line":42,"column":72}},"line":42},"3":{"name":"isLocalWhisperSupported","decl":{"start":{"line":54,"column":16},"end":{"line":54,"column":51}},"loc":{"start":{"line":54,"column":51},"end":{"line":66,"column":null}},"line":54}},"branchMap":{"0":{"loc":{"start":{"line":16,"column":2},"end":{"line":18,"column":null}},"type":"if","locations":[{"start":{"line":16,"column":2},"end":{"line":18,"column":null}},{"start":{},"end":{}}],"line":16},"1":{"loc":{"start":{"line":20,"column":2},"end":{"line":22,"column":null}},"type":"if","locations":[{"start":{"line":20,"column":2},"end":{"line":22,"column":null}},{"start":{},"end":{}}],"line":20},"2":{"loc":{"start":{"line":55,"column":2},"end":{"line":57,"column":null}},"type":"if","locations":[{"start":{"line":55,"column":2},"end":{"line":57,"column":null}},{"start":{},"end":{}}],"line":55},"3":{"loc":{"start":{"line":61,"column":4},"end":{"line":63,"column":null}},"type":"binary-expr","locations":[{"start":{"line":61,"column":4},"end":{"line":61,"column":null}},{"start":{"line":62,"column":4},"end":{"line":63,"column":null}}],"line":61},"4":{"loc":{"start":{"line":65,"column":9},"end":{"line":65,"column":null}},"type":"binary-expr","locations":[{"start":{"line":65,"column":9},"end":{"line":65,"column":34}},{"start":{"line":65,"column":34},"end":{"line":65,"column":null}}],"line":65}},"s":{"0":1,"1":1,"2":1,"3":3,"4":1,"5":2,"6":1,"7":1,"8":1,"9":1,"10":1,"11":1,"12":3,"13":3,"14":3,"15":3,"16":3,"17":1,"18":2,"19":2,"20":2,"21":2,"22":2,"23":2,"24":2,"25":2,"26":1,"27":1,"28":0,"29":1,"30":1},"f":{"0":3,"1":2,"2":2,"3":1},"b":{"0":[1,2],"1":[1,1],"2":[1,0],"3":[1,0],"4":[1,0]},"meta":{"lastBranch":5,"lastFunction":4,"lastStatement":31,"seen":{"s:1:34:1:Infinity":0,"s:2:41:2:Infinity":1,"s:3:34:5:Infinity":2,"f:12:16:12:Infinity":0,"b:16:2:18:Infinity:undefined:undefined:undefined:undefined":0,"s:16:2:18:Infinity":3,"s:17:4:17:Infinity":4,"b:20:2:22:Infinity:undefined:undefined:undefined:undefined":1,"s:20:2:22:Infinity":5,"s:21:4:21:Infinity":6,"s:24:26:24:Infinity":7,"s:25:20:25:Infinity":8,"s:26:17:26:Infinity":9,"s:28:2:36:Infinity":10,"s:28:15:28:18":11,"s:29:21:29:Infinity":12,"s:30:22:30:Infinity":13,"s:31:23:31:Infinity":14,"s:32:26:32:Infinity":15,"s:34:4:35:Infinity":16,"s:38:2:38:Infinity":17,"f:41:16:41:28":1,"s:42:22:42:Infinity":18,"f:42:36:42:37":2,"s:42:52:42:72":19,"s:43:17:43:Infinity":20,"s:45:15:45:Infinity":21,"s:46:2:49:Infinity":22,"s:47:4:47:Infinity":23,"s:48:4:48:Infinity":24,"s:51:2:51:Infinity":25,"f:54:16:54:51":3,"b:55:2:57:Infinity:undefined:undefined:undefined:undefined":2,"s:55:2:57:Infinity":26,"s:56:4:56:Infinity":27,"s:59:32:59:Infinity":28,"s:61:4:63:Infinity":29,"b:61:4:61:Infinity:62:4:63:Infinity":3,"s:65:2:65:Infinity":30,"b:65:9:65:34:65:34:65:Infinity":4}}}
}
